build/app/outputs/mapping/release/seeds.txt
com.example.offers_hub.MainActivity
com.example.offers_hub.MainActivity: MainActivity()
...
com.google.android.gms.internal.firebase-auth-api.zzaia: int zzj()
com.mappls.sdk.services.api.directions.models.RouteOptions: java.lang.String approaches()
com.mappls.android.util.HttpService: boolean access$002(boolean)
androidx.core.graphics.drawable.DrawableCompat$Api21Impl: void setTintList(android.graphics.drawable.Drawable,android.content.res.ColorStateList)
com.google.android.recaptcha.internal.zzai: void zzd(com.google.android.recaptcha.internal.zzaf,java.lang.String,int,android.content.Context,com.google.android.recaptcha.internal.zzr,java.lang.String)
androidx.appcompat.app.AppLocalesMetadataHolderService: AppLocalesMetadataHolderService()
com.mappls.sdk.maps.NativeMapView: void nativeRotateBy(double,double,double,double,long)
com.mappls.sdk.maps.offline.OfflineManager$FileSourceCallback: void onSuccess()
com.mappls.sdk.services.api.nearby.MapplsNearby$Builder: com.mappls.sdk.services.api.nearby.MapplsNearby autoBuild()
com.google.android.gms.internal.firebase-auth-api.zzvr: com.google.android.gms.internal.firebase-auth-api.zzvr zza(com.google.android.gms.internal.firebase-auth-api.zzahp,com.google.android.gms.internal.firebase-auth-api.zzaio)
com.mappls.sdk.maps.style.layers.SymbolLayer: java.lang.Object nativeGetTextRotationAlignment()
com.google.android.gms.internal.firebase-auth-api.zzla: byte[] zza(byte[],byte[],java.lang.String,byte[])
com.mappls.sdk.services.api.directions.models.BannerText: com.google.gson.TypeAdapter typeAdapter(com.google.gson.Gson)
androidx.appcompat.widget.AppCompatAutoCompleteTextView: android.graphics.PorterDuff$Mode getSupportBackgroundTintMode()
com.google.android.gms.fido.fido2.api.common.EC2Algorithm: com.google.android.gms.fido.fido2.api.common.EC2Algorithm valueOf(java.lang.String)
com.mappls.sdk.geoanalytics.listing.MapplsGeoAnalyticsList$Builder: com.mappls.sdk.geoanalytics.listing.MapplsGeoAnalyticsList$Builder api(java.lang.String)
com.google.android.gms.internal.firebase-auth-api.zzajf: int zza(boolean)
com.mappls.sdk.maps.covid.ZoneInfo: ZoneInfo()
com.google.android.gms.internal.auth.zzbx: java.lang.Object[] newArray(int)
com.google.android.gms.internal.firebase-auth-api.zzyv: void zza(java.lang.Object)
androidx.window.embedding.SplitRuleParser: java.util.Set parseSplitXml(android.content.Context,int)
com.google.firebase.firestore.model.MutableDocument$DocumentState: com.google.firebase.firestore.model.MutableDocument$DocumentState[] values()
com.google.android.gms.internal.auth.zzgt: boolean contains(java.lang.Object)
com.google.android.gms.internal.fido.zzaq: java.lang.Object[] toArray(java.lang.Object[])
com.google.android.gms.internal.firebase-auth-api.zzakx: com.google.android.gms.internal.firebase-auth-api.zzakv zzc()
com.mappls.sdk.services.api.auth.MapplsAuthentication$Builder: com.mappls.sdk.services.api.auth.MapplsAuthentication$Builder baseUrl(java.lang.String)
androidx.core.content.ContextCompat$Api24Impl: java.io.File getDataDir(android.content.Context)
com.mappls.sdk.plugin.annotation.SymbolOptions: java.lang.String getTextColor()
com.google.android.gms.internal.auth.zzcb: void zzc(java.lang.Object,java.lang.String,java.lang.String)
com.mappls.sdk.services.api.session.update.MapplsUpdateSession$Builder: com.mappls.sdk.services.api.session.update.MapplsUpdateSession$Builder clusterId(java.lang.String)
com.mappls.sdk.services.api.directions.WalkingOptions: com.mappls.sdk.services.api.directions.WalkingOptions fromJson(java.lang.String)
androidx.appcompat.widget.Toolbar: void setSubtitle(java.lang.CharSequence)
com.google.android.recaptcha.internal.zzcl: void zza(int,com.google.android.recaptcha.internal.zzbl,java.lang.Object[])
com.google.android.gms.internal.firebase-auth-api.zzt: int zzb()
com.google.android.recaptcha.internal.zzgq: int zza()
com.google.android.recaptcha.internal.zzft: boolean add(java.lang.Object)
com.google.android.recaptcha.internal.zziy: void zzi(com.google.android.recaptcha.internal.zziy)