build/app/outputs/mapping/release/mapping.txt
# compiler: R8
# compiler_version: 3.3.70
# min_api: 21
# common_typos_disable
# {"id":"com.android.tools.r8.mapping","version":"2.0"}
# pg_map_id: 3362a4f
# pg_map_hash: SHA-256 3362a4fdd97c691f4986c639fa49cb02f7a3de4952cf636db7ae0113a8bd36be
...
com.google.firebase.firestore.FieldValue$DeleteFieldValue -> com.google.firebase.firestore.r$c:
    java.lang.String getMethodName() -> d
com.google.firebase.firestore.FieldValue$NumericIncrementFieldValue -> com.google.firebase.firestore.r$d:
    java.lang.Number operand -> c
    java.lang.String getMethodName() -> d
    java.lang.Number getOperand() -> h
com.google.firebase.firestore.FieldValue$ServerTimestampFieldValue -> com.google.firebase.firestore.r$e:
    java.lang.String getMethodName() -> d
com.google.firebase.firestore.Filter -> com.google.firebase.firestore.s:
    com.google.firebase.firestore.Filter and(com.google.firebase.firestore.Filter[]) -> a
    com.google.firebase.firestore.Filter arrayContains(com.google.firebase.firestore.FieldPath,java.lang.Object) -> b
    com.google.firebase.firestore.Filter arrayContainsAny(com.google.firebase.firestore.FieldPath,java.util.List) -> c
    com.google.firebase.firestore.Filter equalTo(com.google.firebase.firestore.FieldPath,java.lang.Object) -> d
    com.google.firebase.firestore.Filter greaterThan(com.google.firebase.firestore.FieldPath,java.lang.Object) -> e
    com.google.firebase.firestore.Filter greaterThanOrEqualTo(com.google.firebase.firestore.FieldPath,java.lang.Object) -> f
    com.google.firebase.firestore.Filter inArray(com.google.firebase.firestore.FieldPath,java.util.List) -> g
    com.google.firebase.firestore.Filter lessThan(com.google.firebase.firestore.FieldPath,java.lang.Object) -> h
    com.google.firebase.firestore.Filter lessThanOrEqualTo(com.google.firebase.firestore.FieldPath,java.lang.Object) -> i
    com.google.firebase.firestore.Filter notEqualTo(com.google.firebase.firestore.FieldPath,java.lang.Object) -> j
    com.google.firebase.firestore.Filter notInArray(com.google.firebase.firestore.FieldPath,java.util.List) -> k
    com.google.firebase.firestore.Filter or(com.google.firebase.firestore.Filter[]) -> l
com.google.firebase.firestore.Filter$CompositeFilter -> com.google.firebase.firestore.s$a:
    java.util.List filters -> a
    com.google.firebase.firestore.core.CompositeFilter$Operator operator -> b
    java.util.List getFilters() -> m
    com.google.firebase.firestore.core.CompositeFilter$Operator getOperator() -> n
com.google.firebase.firestore.Filter$UnaryFilter -> com.google.firebase.firestore.s$b:
    com.google.firebase.firestore.core.FieldFilter$Operator operator -> b
    com.google.firebase.firestore.FieldPath field -> a
    java.lang.Object value -> c
    com.google.firebase.firestore.FieldPath getField() -> m
    com.google.firebase.firestore.core.FieldFilter$Operator getOperator() -> n
    java.lang.Object getValue() -> o