build/app/outputs/mapping/release/usage.txt
com.example.offers_hub.BuildConfig
com.example.offers_hub.R$anim
com.example.offers_hub.R$animator
com.example.offers_hub.R$attr
com.example.offers_hub.R$bool
com.example.offers_hub.R$color
com.example.offers_hub.R$dimen
com.example.offers_hub.R$drawable
com.example.offers_hub.R$id
com.example.offers_hub.R$integer
com.example.offers_hub.R$interpolator
com.example.offers_hub.R$layout
com.example.offers_hub.R$mipmap
com.example.offers_hub.R$plurals
com.example.offers_hub.R$raw
com.example.offers_hub.R$string
com.example.offers_hub.R$style
com.example.offers_hub.R$styleable
com.example.offers_hub.R$xml
com.example.offers_hub.R
...
kotlinx.coroutines.internal.LockFreeTaskQueueCore$Companion:
    public final java.lang.Object withState(long,kotlin.jvm.functions.Function2)
kotlinx.coroutines.internal.LockFreeTaskQueueCore:
    public static final int ADD_CLOSED
    public static final int ADD_FROZEN
    public static final int ADD_SUCCESS
    public static final int CAPACITY_BITS
    public static final long CLOSED_MASK
    public static final int CLOSED_SHIFT
    public static final long FROZEN_MASK
    public static final int FROZEN_SHIFT
    public static final long HEAD_MASK
    public static final int HEAD_SHIFT
    public static final int INITIAL_CAPACITY
    public static final int MAX_CAPACITY_MASK
    public static final int MIN_ADD_SPIN_CAPACITY
    public static final long TAIL_MASK
    public static final int TAIL_SHIFT
    public final boolean isClosed()
    public final java.util.List map(kotlin.jvm.functions.Function1)
kotlinx.coroutines.internal.LockFreeTaskQueueKt
kotlinx.coroutines.internal.MainDispatcherFactory$DefaultImpls
kotlinx.coroutines.internal.MainDispatchersKt:
    private static final java.lang.String FAST_SERVICE_LOADER_PROPERTY_NAME
    private static synthetic void getSUPPORT_MISSING$annotations()
kotlinx.coroutines.internal.MissingMainCoroutineDispatcher:
    public synthetic void <init>(java.lang.Throwable,java.lang.String,int,kotlin.jvm.internal.DefaultConstructorMarker)
    public java.lang.Object delay(long,kotlin.coroutines.Continuation)
    public kotlinx.coroutines.CoroutineDispatcher limitedParallelism(int)
    public java.lang.Void scheduleResumeAfterDelay(long,kotlinx.coroutines.CancellableContinuation)
    public synthetic bridge void scheduleResumeAfterDelay(long,kotlinx.coroutines.CancellableContinuation)
kotlinx.coroutines.internal.MissingMainCoroutineDispatcherFactory
kotlinx.coroutines.internal.ProbesSupportKt
kotlinx.coroutines.internal.Segment
kotlinx.coroutines.internal.SegmentOrClosed
kotlinx.coroutines.internal.StackTraceRecoveryKt:
    private static final java.lang.String baseContinuationImplClass
    private static final java.lang.String stackTraceRecoveryClass
    public static synthetic void CoroutineStackFrame$annotations()
    public static synthetic void StackTraceElement$annotations()
    public static final void initCause(java.lang.Throwable,java.lang.Throwable)
    public static final java.lang.Object recoverAndThrow(java.lang.Throwable,kotlin.coroutines.Continuation)
    private static final java.lang.Object recoverAndThrow$$forInline(java.lang.Throwable,kotlin.coroutines.Continuation)
    public static final java.lang.Throwable recoverStackTrace(java.lang.Throwable,kotlin.coroutines.Continuation)
    public static final java.lang.Throwable unwrap(java.lang.Throwable)
kotlinx.coroutines.internal.Symbol:
    public final java.lang.Object unbox(java.lang.Object)
kotlinx.coroutines.internal.SynchronizedKt
kotlinx.coroutines.internal.ThreadLocalElement
kotlinx.coroutines.internal.ThreadLocalKey
kotlinx.coroutines.internal.ThreadLocalKt
kotlinx.coroutines.internal.ThreadSafeHeap:
    public final void addLast(kotlinx.coroutines.internal.ThreadSafeHeapNode)
    public final boolean addLastIf(kotlinx.coroutines.internal.ThreadSafeHeapNode,kotlin.jvm.functions.Function1)
    public final void clear()
    public final kotlinx.coroutines.internal.ThreadSafeHeapNode find(kotlin.jvm.functions.Function1)
    public final kotlinx.coroutines.internal.ThreadSafeHeapNode removeFirstIf(kotlin.jvm.functions.Function1)
kotlinx.coroutines.intrinsics.CancellableKt:
    private static final void runSafely(kotlin.coroutines.Continuation,kotlin.jvm.functions.Function0)
    public static final void startCoroutineCancellable(kotlin.jvm.functions.Function1,kotlin.coroutines.Continuation)